Arguments: 
  C:\Program Files\nodejs\node.exe C:\Program Files\nodejs\node_modules\yarn\bin\yarn.js add leaflet.chinatmsproviders

PATH: 
  C:\Program Files (x86)\PowerShell\7;E:\Common\vm\bin\;C:\Python27\Scripts\;C:\Python27\;C:\Program Files\Eclipse Foundation\jdk-8.0.302.8-hotspot\bin;C:\Program Files\Microsoft\jdk-11.0.16.101-hotspot\bin;C:\Windows\system32;C:\Windows;C:\Windows\System32\Wbem;C:\Windows\System32\WindowsPowerShell\v1.0\;C:\Program Files\dotnet\;C:\Windows\System32\OpenSSH\;C:\Program Files (x86)\NVIDIA Corporation\PhysX\Common;C:\Program Files\NVIDIA Corporation\NVIDIA NvDLISR;C:\Program Files (x86)\PowerShell\7\;C:\Program Files (x86)\Tencent\微信web开发者工具\dll;C:\Pro;ram Files\Bandizip\;C:\Program Files\Git\cmd;C:\Program Files\Common Files\Autodesk Shared\;C:\Users\Administrator\AppData\Roaming\nvm;C:\Program Files\nodejs;C:\Program Files\Microsoft SQL Server\150\Tools\Binn\;C:\Program Files\Microsoft SQL Server\130\Tools\Binn\;H:\vs2019;C:\ProgramData\Microsoft\Windows\Start Menu\Programs;C:\ProgramData\Microsoft\Windows\Start Menu\Programs\Visual Studio 2019\Visual Studio Tools;C:\Program Files (x86)\IncrediBuild;C:\ProgramData\chocolatey\bin;C:\Program Files\nodejs\;C:\Program Files\Docker\Docker\resources\bin;C:\Users\Administrator\.cargo\bin;C:\Users\Administrator\AppData\Local\pnpm;C:\Users\Administrator\.windows-build-tools\python27\;C:\Users\Administrator\AppData\Local\Programs\Python\Python38-32\Scripts\;C:\Users\Administrator\AppData\Local\Programs\Python\Python38-32\;C:\Users\Administrator\AppData\Local\Microsoft\WindowsApps;C:\Users\Administrator\AppData\Local\Programs\Microsoft VS Code\bin;C:\ProgramData\Anaconda3;C:\ProgramData\Anaconda3\Scripts;C:\ProgramData\Anaconda3\Library;C:\Program Files\OpenSSL-Win64\bin;C:\Users\Administrator\AppData\Roaming\nvm;C:\Program Files\nodejs;H:\vs2019;C:\Users\Administrator\AppData\Roaming\npm

Yarn version: 
  1.22.19

Node version: 
  16.19.0

Platform: 
  win32 x64

Trace: 
  Error: EEXIST: file already exists, mkdir 'H:\code\td-map\node_modules\unplugin-auto-import\node_modules'

npm manifest: 
  {
    "name": "gd-map",
    "version": "0.0.0",
    "private": true,
    "scripts": {
      "dev": "vite",
      "build": "run-p type-check \"build-only {@}\" --",
      "preview": "vite preview",
      "build-only": "vite build",
      "type-check": "vue-tsc --noEmit -p tsconfig.app.json --composite false",
      "lint": "eslint . --ext .vue,.js,.jsx,.cjs,.mjs,.ts,.tsx,.cts,.mts --fix --ignore-path .gitignore",
      "format": "prettier --write src/"
    },
    "dependencies": {
      "@amap/amap-jsapi-loader": "^1.0.1",
      "axios": "^1.6.0",
      "leaflet": "^1.9.4",
      "pinia": "^2.1.7",
      "vue": "^3.3.4",
      "vue-router": "^4.2.5"
    },
    "devDependencies": {
      "@rushstack/eslint-patch": "^1.3.3",
      "@tsconfig/node18": "^18.2.2",
      "@types/node": "^18.18.5",
      "@vitejs/plugin-vue": "^4.4.0",
      "@vitejs/plugin-vue-jsx": "^3.0.2",
      "@vue/eslint-config-prettier": "^8.0.0",
      "@vue/eslint-config-typescript": "^12.0.0",
      "@vue/tsconfig": "^0.4.0",
      "eslint": "^8.49.0",
      "eslint-plugin-vue": "^9.17.0",
      "less": "^4.2.0",
      "npm-run-all2": "^6.1.1",
      "prettier": "^3.0.3",
      "typescript": "~5.2.0",
      "unplugin-auto-import": "^0.16.7",
      "unplugin-vue-components": "^0.25.2",
      "vite": "^4.4.11",
      "vue-tsc": "^1.8.19"
    }
  }

yarn manifest: 
  No manifest

Lockfile: 
  No lockfile
